**********************
Начало записи сценария Windows PowerShell
Время начала: 20260704124428
Имя пользователя: ALTER\JoJo
Запуск от имени пользователя: ALTER\JoJo
Имя конфигурации: 
Компьютер: ALTER (Microsoft Windows NT 10.0.26200.0)
Ведущее приложение: C:\WINDOWS\System32\WindowsPowerShell\v1.0\powershell.exe
ИД процесса: 20432
PSVersion: 5.1.26100.8737
PSEdition: Desktop
PSCompatibleVersions: 1.0, 2.0, 3.0, 4.0, 5.0, 5.1.26100.8737
BuildVersion: 10.0.26100.8737
CLRVersion: 4.0.30319.42000
WSManStackVersion: 3.0
PSRemotingProtocolVersion: 2.3
SerializationVersion: 1.1.0.1
**********************
Транскрибирование запущено, выходной файл .\tunnel-session.log
PS G:\проги\ss\scripts\localtunnel> .\start-tunnel.ps1 -Subdomain ghosteekcr
G:\проги\ss\scripts\localtunnel\start-tunnel.ps1:77 знак:92
+ ... єР° РїСЂРѕС†РµСЃСЃ Р¶РёРІ вЂ” С‚СѓРЅРЅРµР»СЊ СЂР°Р±РѕС‚Р°РµС‚; РїСЂРё ...
+                                                                  ~
Отсутствует закрывающий знак ")" в выражении.

G:\проги\ss\scripts\localtunnel\start-tunnel.ps1:90 знак:151
+ ... џРµСЂРµР·Р°РїСѓСЃРє С‡РµСЂРµР· 5 СЃРµРє...`n" -ForegroundColor Yellow
+                                                 ~~~~~~~~~~~~~~~~~~~~~~~~~
В строке отсутствует завершающий символ: ".
    + CategoryInfo          : ParserError: (:) [], ParseException
    + FullyQualifiedErrorId : MissingEndParenthesisInExpression
G:\проги\ss\scripts\localtunnel\start-tunnel.ps1:77 знак:92
+ ... єР° РїСЂРѕС†РµСЃСЃ Р¶РёРІ вЂ” С‚СѓРЅРЅРµР»СЊ СЂР°Р±РѕС‚Р°РµС‚; РїСЂРё ...
+                                                                  ~
Отсутствует закрывающий знак ")" в выражении.

G:\проги\ss\scripts\localtunnel\start-tunnel.ps1:90 знак:151
+ ... џРµСЂРµР·Р°РїСѓСЃРє С‡РµСЂРµР· 5 СЃРµРє...`n" -ForegroundColor Yellow
+                                                 ~~~~~~~~~~~~~~~~~~~~~~~~~
В строке отсутствует завершающий символ: ".
    + CategoryInfo          : ParserError: (:) [], ParseException
    + FullyQualifiedErrorId : MissingEndParenthesisInExpression

PS G:\проги\ss\scripts\localtunnel> .\start-tunnel.ps1 -Subdomain ghosteekcr
[2026-07-04 12:46:31] === Ghosteek localtunnel ===
[2026-07-04 12:46:31] Do not close this window. Cursor kills background npx when session ends.
[2026-07-04 12:46:31] Log file: G:\проги\ss\scripts\localtunnel\tunnel.log
[2026-07-04 12:46:32] Requested subdomain: ghosteekcr
[2026-07-04 12:46:32] Backend OK. Auto-restart on loca.lt disconnect.
[2026-07-04 12:46:32] Starting localtunnel (attempt 1)...
[2026-07-04 12:46:37] your url is: https://ghosteekcr.loca.lt
[2026-07-04 12:46:37] Tunnel URL: https://ghosteekcr.loca.lt
[2026-07-04 12:46:37] Saved to: G:\проги\ss\scripts\localtunnel\tunnel-url.txt
[2026-07-04 12:46:37] Update VITE_API_URL on Vercel only if URL changed
[2026-07-04 12:49:59] Tunnel exited (code 0). Restart in 5 sec...
[2026-07-04 12:50:04] Starting localtunnel (attempt 2)...
[2026-07-04 12:50:06] your url is: https://mean-husky-91.loca.lt
[2026-07-04 12:50:06] Tunnel URL: https://mean-husky-91.loca.lt
[2026-07-04 12:50:06] Saved to: G:\проги\ss\scripts\localtunnel\tunnel-url.txt
[2026-07-04 12:50:06] Update VITE_API_URL on Vercel only if URL changed
